<?xml version="1.0" encoding="UTF-8"?>
<testsuite xmlns:xsi="http://www.w3.org/2001/XMLSchema-instance" xsi:noNamespaceSchemaLocation="https://maven.apache.org/surefire/maven-surefire-plugin/xsd/surefire-test-report.xsd" name="upgrad.movieapp.service.user.provider.PasswordCryptographyProviderTest" time="0.382" tests="3" errors="0" skipped="0" failures="0">
  <properties>
[...]
</properties>
  <testcase name="test1" classname="upgrad.movieapp.service.user.provider.PasswordCryptographyProviderTest" time="0.201"/>
  <testcase name="test2" classname="upgrad.movieapp.service.user.provider.PasswordCryptographyProviderTest" time="0.057"/>
  <testcase name="test3" classname="upgrad.movieapp.service.user.provider.PasswordCryptographyProviderTest" time="0.02"/>
</testsuite>